<?xml version="1.0" encoding="UTF-8"?>
<testng-results skipped="0" failed="0" ignored="0" total="3" passed="3">
  <reporter-output>
  </reporter-output>
  <suite name="com.crm.qa.testcases.LoginPageTest" duration-ms="61091" started-at="2019-08-16T10:19:52Z" finished-at="2019-08-16T10:20:53Z">
    <groups>
    </groups>
    <test name="Command line test" duration-ms="61091" started-at="2019-08-16T10:19:52Z" finished-at="2019-08-16T10:20:53Z">
      <class name="com.crm.qa.testcases.LoginPageTest">
        <test-method status="PASS" signature="setUp()[pri:0, instance:com.crm.qa.testcases.LoginPageTest@12fad11]" name="setUp" is-config="true" duration-ms="27762" started-at="2019-08-16T22:19:52Z" finished-at="2019-08-16T22:20:20Z">
          <reporter-output>
          </reporter-output>
        </test-method> <!-- setUp -->
        <test-method status="PASS" signature="LoginPageTitleTest()[pri:1, instance:com.crm.qa.testcases.LoginPageTest@12fad11]" name="LoginPageTitleTest" duration-ms="68" started-at="2019-08-16T22:20:20Z" finished-at="2019-08-16T22:20:20Z">
          <reporter-output>
          </reporter-output>
        </test-method> <!-- LoginPageTitleTest -->
        <test-method status="PASS" signature="tearDown()[pri:0, instance:com.crm.qa.testcases.LoginPageTest@12fad11]" name="tearDown" is-config="true" duration-ms="724" started-at="2019-08-16T22:20:20Z" finished-at="2019-08-16T22:20:21Z">
          <reporter-output>
          </reporter-output>
        </test-method> <!-- tearDown -->
        <test-method status="PASS" signature="setUp()[pri:0, instance:com.crm.qa.testcases.LoginPageTest@12fad11]" name="setUp" is-config="true" duration-ms="11450" started-at="2019-08-16T22:20:21Z" finished-at="2019-08-16T22:20:32Z">
          <reporter-output>
          </reporter-output>
        </test-method> <!-- setUp -->
        <test-method status="PASS" signature="crmLogoImageTest()[pri:2, instance:com.crm.qa.testcases.LoginPageTest@12fad11]" name="crmLogoImageTest" duration-ms="717" started-at="2019-08-16T22:20:32Z" finished-at="2019-08-16T22:20:33Z">
          <reporter-output>
          </reporter-output>
        </test-method> <!-- crmLogoImageTest -->
        <test-method status="PASS" signature="tearDown()[pri:0, instance:com.crm.qa.testcases.LoginPageTest@12fad11]" name="tearDown" is-config="true" duration-ms="844" started-at="2019-08-16T22:20:33Z" finished-at="2019-08-16T22:20:34Z">
          <reporter-output>
          </reporter-output>
        </test-method> <!-- tearDown -->
        <test-method status="PASS" signature="setUp()[pri:0, instance:com.crm.qa.testcases.LoginPageTest@12fad11]" name="setUp" is-config="true" duration-ms="10836" started-at="2019-08-16T22:20:34Z" finished-at="2019-08-16T22:20:45Z">
          <reporter-output>
          </reporter-output>
        </test-method> <!-- setUp -->
        <test-method status="PASS" signature="loginTest()[pri:3, instance:com.crm.qa.testcases.LoginPageTest@12fad11]" name="loginTest" duration-ms="7761" started-at="2019-08-16T22:20:45Z" finished-at="2019-08-16T22:20:53Z">
          <reporter-output>
          </reporter-output>
        </test-method> <!-- loginTest -->
        <test-method status="PASS" signature="tearDown()[pri:0, instance:com.crm.qa.testcases.LoginPageTest@12fad11]" name="tearDown" is-config="true" duration-ms="900" started-at="2019-08-16T22:20:53Z" finished-at="2019-08-16T22:20:53Z">
          <reporter-output>
          </reporter-output>
        </test-method> <!-- tearDown -->
      </class> <!-- com.crm.qa.testcases.LoginPageTest -->
    </test> <!-- Command line test -->
  </suite> <!-- com.crm.qa.testcases.LoginPageTest -->
</testng-results>
