<?xml version="1.0" encoding="UTF-8"?>
<!-- Generated by org.testng.reporters.JUnitXMLReporter -->
<testsuite hostname="User-PC" ignored="0" name="Command line test" tests="3" failures="0" timestamp="16 Aug 2019 10:20:53 GMT" time="61.091" errors="0">
  <testcase name="LoginPageTitleTest" time="0.068" classname="com.crm.qa.testcases.LoginPageTest"/>
  <testcase name="crmLogoImageTest" time="0.717" classname="com.crm.qa.testcases.LoginPageTest"/>
  <testcase name="loginTest" time="7.761" classname="com.crm.qa.testcases.LoginPageTest"/>
</testsuite> <!-- Command line test -->
